ARM GAS  C:\Users\ADMINI~1\AppData\Local\Temp\ccBNjFqt.s 			page 1


   1              		.cpu cortex-m4
   2              		.arch armv7e-m
   3              		.fpu fpv4-sp-d16
   4              		.eabi_attribute 27, 1
   5              		.eabi_attribute 28, 1
   6              		.eabi_attribute 20, 1
   7              		.eabi_attribute 21, 1
   8              		.eabi_attribute 23, 3
   9              		.eabi_attribute 24, 1
  10              		.eabi_attribute 25, 1
  11              		.eabi_attribute 26, 1
  12              		.eabi_attribute 30, 1
  13              		.eabi_attribute 34, 1
  14              		.eabi_attribute 18, 4
  15              		.file	"gpio.c"
  16              		.text
  17              	.Ltext0:
  18              		.cfi_sections	.debug_frame
  19              		.section	.text.MX_GPIO_Init,"ax",%progbits
  20              		.align	1
  21              		.global	MX_GPIO_Init
  22              		.syntax unified
  23              		.thumb
  24              		.thumb_func
  26              	MX_GPIO_Init:
  27              	.LFB130:
  28              		.file 1 "Src/gpio.c"
   1:Src/gpio.c    **** /* USER CODE BEGIN Header */
   2:Src/gpio.c    **** /**
   3:Src/gpio.c    ****   ******************************************************************************
   4:Src/gpio.c    ****   * @file    gpio.c
   5:Src/gpio.c    ****   * @brief   This file provides code for the configuration
   6:Src/gpio.c    ****   *          of all used GPIO pins.
   7:Src/gpio.c    ****   ******************************************************************************
   8:Src/gpio.c    ****   * @attention
   9:Src/gpio.c    ****   *
  10:Src/gpio.c    ****   * Copyright (c) 2022 STMicroelectronics.
  11:Src/gpio.c    ****   * All rights reserved.
  12:Src/gpio.c    ****   *
  13:Src/gpio.c    ****   * This software is licensed under terms that can be found in the LICENSE file
  14:Src/gpio.c    ****   * in the root directory of this software component.
  15:Src/gpio.c    ****   * If no LICENSE file comes with this software, it is provided AS-IS.
  16:Src/gpio.c    ****   *
  17:Src/gpio.c    ****   ******************************************************************************
  18:Src/gpio.c    ****   */
  19:Src/gpio.c    **** /* USER CODE END Header */
  20:Src/gpio.c    **** 
  21:Src/gpio.c    **** /* Includes ------------------------------------------------------------------*/
  22:Src/gpio.c    **** #include "gpio.h"
  23:Src/gpio.c    **** 
  24:Src/gpio.c    **** /* USER CODE BEGIN 0 */
  25:Src/gpio.c    **** 
  26:Src/gpio.c    **** /* USER CODE END 0 */
  27:Src/gpio.c    **** 
  28:Src/gpio.c    **** /*----------------------------------------------------------------------------*/
  29:Src/gpio.c    **** /* Configure GPIO                                                             */
  30:Src/gpio.c    **** /*----------------------------------------------------------------------------*/
ARM GAS  C:\Users\ADMINI~1\AppData\Local\Temp\ccBNjFqt.s 			page 2


  31:Src/gpio.c    **** /* USER CODE BEGIN 1 */
  32:Src/gpio.c    **** 
  33:Src/gpio.c    **** /* USER CODE END 1 */
  34:Src/gpio.c    **** 
  35:Src/gpio.c    **** /** Configure pins as
  36:Src/gpio.c    ****         * Analog
  37:Src/gpio.c    ****         * Input
  38:Src/gpio.c    ****         * Output
  39:Src/gpio.c    ****         * EVENT_OUT
  40:Src/gpio.c    ****         * EXTI
  41:Src/gpio.c    **** */
  42:Src/gpio.c    **** void MX_GPIO_Init(void)
  43:Src/gpio.c    **** {
  29              		.loc 1 43 1 view -0
  30              		.cfi_startproc
  31              		@ args = 0, pretend = 0, frame = 8
  32              		@ frame_needed = 0, uses_anonymous_args = 0
  33              		@ link register save eliminated.
  34 0000 82B0     		sub	sp, sp, #8
  35              	.LCFI0:
  36              		.cfi_def_cfa_offset 8
  44:Src/gpio.c    **** 
  45:Src/gpio.c    ****   /* GPIO Ports Clock Enable */
  46:Src/gpio.c    ****   __HAL_RCC_GPIOH_CLK_ENABLE();
  37              		.loc 1 46 3 view .LVU1
  38              	.LBB2:
  39              		.loc 1 46 3 view .LVU2
  40 0002 0021     		movs	r1, #0
  41 0004 0091     		str	r1, [sp]
  42              		.loc 1 46 3 view .LVU3
  43 0006 0B4B     		ldr	r3, .L3
  44 0008 1A6B     		ldr	r2, [r3, #48]
  45 000a 42F08002 		orr	r2, r2, #128
  46 000e 1A63     		str	r2, [r3, #48]
  47              		.loc 1 46 3 view .LVU4
  48 0010 1A6B     		ldr	r2, [r3, #48]
  49 0012 02F08002 		and	r2, r2, #128
  50 0016 0092     		str	r2, [sp]
  51              		.loc 1 46 3 view .LVU5
  52 0018 009A     		ldr	r2, [sp]
  53              	.LBE2:
  54              		.loc 1 46 3 view .LVU6
  47:Src/gpio.c    ****   __HAL_RCC_GPIOA_CLK_ENABLE();
  55              		.loc 1 47 3 view .LVU7
  56              	.LBB3:
  57              		.loc 1 47 3 view .LVU8
  58 001a 0191     		str	r1, [sp, #4]
  59              		.loc 1 47 3 view .LVU9
  60 001c 1A6B     		ldr	r2, [r3, #48]
  61 001e 42F00102 		orr	r2, r2, #1
  62 0022 1A63     		str	r2, [r3, #48]
  63              		.loc 1 47 3 view .LVU10
  64 0024 1B6B     		ldr	r3, [r3, #48]
  65 0026 03F00103 		and	r3, r3, #1
  66 002a 0193     		str	r3, [sp, #4]
  67              		.loc 1 47 3 view .LVU11
  68 002c 019B     		ldr	r3, [sp, #4]
ARM GAS  C:\Users\ADMINI~1\AppData\Local\Temp\ccBNjFqt.s 			page 3


  69              	.LBE3:
  70              		.loc 1 47 3 view .LVU12
  48:Src/gpio.c    **** 
  49:Src/gpio.c    **** }
  71              		.loc 1 49 1 is_stmt 0 view .LVU13
  72 002e 02B0     		add	sp, sp, #8
  73              	.LCFI1:
  74              		.cfi_def_cfa_offset 0
  75              		@ sp needed
  76 0030 7047     		bx	lr
  77              	.L4:
  78 0032 00BF     		.align	2
  79              	.L3:
  80 0034 00380240 		.word	1073887232
  81              		.cfi_endproc
  82              	.LFE130:
  84              		.text
  85              	.Letext0:
  86              		.file 2 "e:\\program files (x86)\\gnu arm embedded toolchain\\10 2021.10\\arm-none-eabi\\include\\
  87              		.file 3 "e:\\program files (x86)\\gnu arm embedded toolchain\\10 2021.10\\arm-none-eabi\\include\\
  88              		.file 4 "Drivers/CMSIS/Device/ST/STM32F4xx/Include/stm32f405xx.h"
ARM GAS  C:\Users\ADMINI~1\AppData\Local\Temp\ccBNjFqt.s 			page 4


DEFINED SYMBOLS
                            *ABS*:00000000 gpio.c
C:\Users\ADMINI~1\AppData\Local\Temp\ccBNjFqt.s:20     .text.MX_GPIO_Init:00000000 $t
C:\Users\ADMINI~1\AppData\Local\Temp\ccBNjFqt.s:26     .text.MX_GPIO_Init:00000000 MX_GPIO_Init
C:\Users\ADMINI~1\AppData\Local\Temp\ccBNjFqt.s:80     .text.MX_GPIO_Init:00000034 $d

NO UNDEFINED SYMBOLS
