ARM GAS  C:\Users\ADMINI~1\AppData\Local\Temp\ccwGfKvd.s 			page 1


   1              		.cpu cortex-m4
   2              		.arch armv7e-m
   3              		.fpu fpv4-sp-d16
   4              		.eabi_attribute 27, 1
   5              		.eabi_attribute 28, 1
   6              		.eabi_attribute 20, 1
   7              		.eabi_attribute 21, 1
   8              		.eabi_attribute 23, 3
   9              		.eabi_attribute 24, 1
  10              		.eabi_attribute 25, 1
  11              		.eabi_attribute 26, 1
  12              		.eabi_attribute 30, 1
  13              		.eabi_attribute 34, 1
  14              		.eabi_attribute 18, 4
  15              		.file	"usbd_msc_data.c"
  16              		.text
  17              	.Ltext0:
  18              		.cfi_sections	.debug_frame
  19              		.global	MSC_Mode_Sense10_data
  20              		.global	MSC_Mode_Sense6_data
  21              		.global	MSC_Page80_Inquiry_Data
  22              		.global	MSC_Page00_Inquiry_Data
  23              		.section	.data.MSC_Mode_Sense10_data,"aw"
  24              		.align	2
  27              	MSC_Mode_Sense10_data:
  28 0000 00260000 		.ascii	"\000&\000\000\000\000\000\000\010\022\000\000\000\000"
  28      00000000 
  28      08120000 
  28      0000
  29 000e 00000000 		.ascii	"\000\000\000\000\000\000\000\000\000\000\000\000\000"
  29      00000000 
  29      00000000 
  29      00
  30              		.section	.data.MSC_Mode_Sense6_data,"aw"
  31              		.align	2
  34              	MSC_Mode_Sense6_data:
  35 0000 22000000 		.ascii	"\"\000\000\000\010\022\000\000\000\000\000\000\000\000"
  35      08120000 
  35      00000000 
  35      0000
  36 000e 00000000 		.ascii	"\000\000\000\000\000\000\000\000\000"
  36      00000000 
  36      00
  37              		.section	.data.MSC_Page00_Inquiry_Data,"aw"
  38              		.align	2
  41              	MSC_Page00_Inquiry_Data:
  42 0000 00000002 		.ascii	"\000\000\000\002\000\200"
  42      0080
  43              		.section	.data.MSC_Page80_Inquiry_Data,"aw"
  44              		.align	2
  47              	MSC_Page80_Inquiry_Data:
  48 0000 00800008 		.ascii	"\000\200\000\010    "
  48      20202020 
  49              		.text
  50              	.Letext0:
  51              		.file 1 "e:\\program files (x86)\\gnu arm embedded toolchain\\10 2021.10\\arm-none-eabi\\include\\
  52              		.file 2 "e:\\program files (x86)\\gnu arm embedded toolchain\\10 2021.10\\arm-none-eabi\\include\\
ARM GAS  C:\Users\ADMINI~1\AppData\Local\Temp\ccwGfKvd.s 			page 2


  53              		.file 3 "Middlewares/ST/STM32_USB_Device_Library/Class/MSC/Inc/usbd_msc_data.h"
  54              		.file 4 "Middlewares/ST/STM32_USB_Device_Library/Class/MSC/Src/usbd_msc_data.c"
ARM GAS  C:\Users\ADMINI~1\AppData\Local\Temp\ccwGfKvd.s 			page 3


DEFINED SYMBOLS
                            *ABS*:00000000 usbd_msc_data.c
C:\Users\ADMINI~1\AppData\Local\Temp\ccwGfKvd.s:27     .data.MSC_Mode_Sense10_data:00000000 MSC_Mode_Sense10_data
C:\Users\ADMINI~1\AppData\Local\Temp\ccwGfKvd.s:34     .data.MSC_Mode_Sense6_data:00000000 MSC_Mode_Sense6_data
C:\Users\ADMINI~1\AppData\Local\Temp\ccwGfKvd.s:47     .data.MSC_Page80_Inquiry_Data:00000000 MSC_Page80_Inquiry_Data
C:\Users\ADMINI~1\AppData\Local\Temp\ccwGfKvd.s:41     .data.MSC_Page00_Inquiry_Data:00000000 MSC_Page00_Inquiry_Data
C:\Users\ADMINI~1\AppData\Local\Temp\ccwGfKvd.s:24     .data.MSC_Mode_Sense10_data:00000000 $d
C:\Users\ADMINI~1\AppData\Local\Temp\ccwGfKvd.s:31     .data.MSC_Mode_Sense6_data:00000000 $d
C:\Users\ADMINI~1\AppData\Local\Temp\ccwGfKvd.s:38     .data.MSC_Page00_Inquiry_Data:00000000 $d
C:\Users\ADMINI~1\AppData\Local\Temp\ccwGfKvd.s:44     .data.MSC_Page80_Inquiry_Data:00000000 $d

NO UNDEFINED SYMBOLS
